::1 - - [17/Oct/2017:21:09:34 -0200] "GET / HTTP/1.1" 302 30257
::1 - - [17/Oct/2017:21:09:35 -0200] "GET /pages/examples/login.html HTTP/1.1" 200 3558
::1 - - [17/Oct/2017:21:09:38 -0200] "GET /bootstrap/css/bootstrap.min.css HTTP/1.1" 200 121200
::1 - - [17/Oct/2017:21:09:37 -0200] "GET /dist/css/AdminLTE.min.css HTTP/1.1" 200 90340
::1 - - [17/Oct/2017:21:09:38 -0200] "GET /plugins/jQuery/jquery-2.2.3.min.js HTTP/1.1" 200 85659
::1 - - [17/Oct/2017:21:09:37 -0200] "GET /plugins/iCheck/square/blue.css HTTP/1.1" 200 1611
::1 - - [17/Oct/2017:21:09:37 -0200] "GET /dist/css/style.css HTTP/1.1" 200 41
::1 - - [17/Oct/2017:21:09:39 -0200] "GET /plugins/iCheck/icheck.min.js HTTP/1.1" 200 4516
::1 - - [17/Oct/2017:21:09:39 -0200] "GET /bootstrap/js/bootstrap.min.js HTTP/1.1" 200 37045
::1 - - [17/Oct/2017:21:09:39 -0200] "GET /dist/img/Logo-01.png HTTP/1.1" 200 92730
::1 - - [17/Oct/2017:21:09:39 -0200] "GET /bootstrap/fonts/glyphicons-halflings-regular.woff2 HTTP/1.1" 200 18028
::1 - - [17/Oct/2017:21:09:48 -0200] "POST /pages/php/login.php HTTP/1.1" 302 -
::1 - - [17/Oct/2017:21:09:48 -0200] "GET /index.php HTTP/1.1" 200 34322
::1 - - [17/Oct/2017:21:09:49 -0200] "GET /bootstrap/css/weather-icons.css HTTP/1.1" 200 30728
::1 - - [17/Oct/2017:21:09:49 -0200] "GET /bootstrap/css/weather-icons-wind.css HTTP/1.1" 200 145200
::1 - - [17/Oct/2017:21:09:49 -0200] "GET /plugins/morris/morris.css HTTP/1.1" 200 428
::1 - - [17/Oct/2017:21:09:49 -0200] "GET /bootstrap/css/weather-icons-wind.min.css HTTP/1.1" 200 126816
::1 - - [17/Oct/2017:21:09:49 -0200] "GET /dist/css/skins/_all-skins.min.css HTTP/1.1" 200 40757
::1 - - [17/Oct/2017:21:09:49 -0200] "GET /plugins/jvectormap/jquery-jvectormap-1.2.2.css HTTP/1.1" 200 824
::1 - - [17/Oct/2017:21:09:49 -0200] "GET /bootstrap/css/weather-icons.min.css HTTP/1.1" 200 26681
::1 - - [17/Oct/2017:21:09:49 -0200] "GET /plugins/iCheck/flat/blue.css HTTP/1.1" 200 1428
::1 - - [17/Oct/2017:21:09:49 -0200] "GET /plugins/datepicker/datepicker3.css HTTP/1.1" 200 33745
::1 - - [17/Oct/2017:21:09:49 -0200] "GET /plugins/daterangepicker/daterangepicker.css HTTP/1.1" 200 6666
::1 - - [17/Oct/2017:21:09:49 -0200] "GET /plugins/bootstrap-wysihtml5/bootstrap3-wysihtml5.min.css HTTP/1.1" 200 2226
::1 - - [17/Oct/2017:21:09:49 -0200] "GET /plugins/chartjs/Chart.min.js HTTP/1.1" 200 57275
::1 - - [17/Oct/2017:21:09:49 -0200] "GET /dist/js/app.min.js HTTP/1.1" 200 9923
::1 - - [17/Oct/2017:21:09:49 -0200] "GET /dist/js/demo.js HTTP/1.1" 200 17319
::1 - - [17/Oct/2017:21:09:49 -0200] "GET /plugins/fastclick/fastclick.js HTTP/1.1" 200 25965
::1 - - [17/Oct/2017:21:09:49 -0200] "GET /dist/img/4.jpg HTTP/1.1" 200 4342
::1 - - [17/Oct/2017:21:09:49 -0200] "GET /dist/img/2.jpg HTTP/1.1" 200 3511
::1 - - [17/Oct/2017:21:09:49 -0200] "GET /dist/img/7.jpg HTTP/1.1" 200 5060
::1 - - [17/Oct/2017:21:09:49 -0200] "GET /dist/img/3.jpg HTTP/1.1" 200 2879
::1 - - [17/Oct/2017:21:09:49 -0200] "GET /dist/img/8.jpg HTTP/1.1" 200 3477
::1 - - [17/Oct/2017:21:09:49 -0200] "GET /dist/img/9.jpg HTTP/1.1" 200 7070
::1 - - [17/Oct/2017:21:10:24 -0200] "GET /dist/css/style.css HTTP/1.1" 304 -
::1 - - [17/Oct/2017:21:10:24 -0200] "GET /bootstrap/css/bootstrap.min.css.map HTTP/1.1" 200 542194
::1 - - [17/Oct/2017:21:11:32 -0200] "GET /pages/examples/login.html HTTP/1.1" 304 -
::1 - - [17/Oct/2017:21:11:32 -0200] "GET /dist/css/style.css HTTP/1.1" 304 -
::1 - - [17/Oct/2017:21:11:32 -0200] "GET /dist/img/cloud.png HTTP/1.1" 200 499
::1 - - [17/Oct/2017:21:11:33 -0200] "GET /pages/examples/login.html HTTP/1.1" 304 -
::1 - - [17/Oct/2017:21:11:33 -0200] "GET /dist/img/cloud.png HTTP/1.1" 200 499
::1 - - [17/Oct/2017:21:11:33 -0200] "GET /pages/examples/login.html HTTP/1.1" 304 -
::1 - - [17/Oct/2017:21:11:33 -0200] "GET /dist/img/cloud.png HTTP/1.1" 200 499
::1 - - [17/Oct/2017:21:11:43 -0200] "GET /pages/examples/login-error.html HTTP/1.1" 200 3705
