2017-06-17 20:41:04 10988 [Note] Plugin 'FEDERATED' is disabled.
2017-06-17 20:41:04 10988 [Note] InnoDB: The InnoDB memory heap is disabled
2017-06-17 20:41:04 10988 [Note] InnoDB: Mutexes and rw_locks use Windows interlocked functions
2017-06-17 20:41:04 10988 [Note] InnoDB: Compressed tables use zlib 1.2.3
2017-06-17 20:41:04 10988 [Note] InnoDB: Not using CPU crc32 instructions
2017-06-17 20:41:04 10988 [Note] InnoDB: Initializing buffer pool, size = 128.0M
2017-06-17 20:41:04 10988 [Note] InnoDB: Completed initialization of buffer pool
2017-06-17 20:41:04 10988 [Note] InnoDB: Highest supported file format is Barracuda.
2017-06-17 20:41:04 10988 [Note] InnoDB: The log sequence numbers 1626134 and 1626134 in ibdata files do not match the log sequence number 2691810 in the ib_logfiles!
2017-06-17 20:41:04 10988 [Note] InnoDB: Database was not shutdown normally!
2017-06-17 20:41:04 10988 [Note] InnoDB: Starting crash recovery.
2017-06-17 20:41:04 10988 [Note] InnoDB: Reading tablespace information from the .ibd files...
2017-06-17 20:41:04 10988 [Note] InnoDB: Restoring possible half-written data pages 
2017-06-17 20:41:04 10988 [Note] InnoDB: from the doublewrite buffer...
2017-06-17 20:41:09 10988 [Note] InnoDB: 128 rollback segment(s) are active.
2017-06-17 20:41:09 10988 [Note] InnoDB: Waiting for purge to start
2017-06-17 20:41:09 10988 [Note] InnoDB: 5.6.13 started; log sequence number 2691810
2017-06-17 20:41:09 10988 [Note] Server hostname (bind-address): '*'; port: 3307
2017-06-17 20:41:09 10988 [Note] IPv6 is available.
2017-06-17 20:41:09 10988 [Note]   - '::' resolves to '::';
2017-06-17 20:41:09 10988 [Note] Server socket created on IP: '::'.
2017-06-18 09:55:41 1044 [Note] Plugin 'FEDERATED' is disabled.
2017-06-18 09:55:43 1044 [Note] InnoDB: The InnoDB memory heap is disabled
2017-06-18 09:55:43 1044 [Note] InnoDB: Mutexes and rw_locks use Windows interlocked functions
2017-06-18 09:55:43 1044 [Note] InnoDB: Compressed tables use zlib 1.2.3
2017-06-18 09:55:43 1044 [Note] InnoDB: Not using CPU crc32 instructions
2017-06-18 09:55:43 1044 [Note] InnoDB: Initializing buffer pool, size = 128.0M
2017-06-18 09:55:43 1044 [Note] InnoDB: Completed initialization of buffer pool
2017-06-18 09:55:43 1044 [Note] InnoDB: Highest supported file format is Barracuda.
2017-06-18 09:55:43 1044 [Note] InnoDB: The log sequence numbers 1626134 and 1626134 in ibdata files do not match the log sequence number 2750571 in the ib_logfiles!
2017-06-18 09:55:43 1044 [Note] InnoDB: Database was not shutdown normally!
2017-06-18 09:55:43 1044 [Note] InnoDB: Starting crash recovery.
2017-06-18 09:55:43 1044 [Note] InnoDB: Reading tablespace information from the .ibd files...
2017-06-18 09:55:47 1044 [Note] InnoDB: Restoring possible half-written data pages 
2017-06-18 09:55:47 1044 [Note] InnoDB: from the doublewrite buffer...
2017-06-18 09:55:51 1044 [Note] InnoDB: 128 rollback segment(s) are active.
2017-06-18 09:55:51 1044 [Note] InnoDB: Waiting for purge to start
2017-06-18 09:55:51 1044 [Note] InnoDB: 5.6.13 started; log sequence number 2750571
2017-06-18 09:55:51 1044 [Note] Server hostname (bind-address): '*'; port: 3307
2017-06-18 09:55:51 1044 [Note] IPv6 is available.
2017-06-18 09:55:51 1044 [Note]   - '::' resolves to '::';
2017-06-18 09:55:51 1044 [Note] Server socket created on IP: '::'.
2017-06-18 09:56:01 1044 [ERROR] Native table 'performance_schema'.'cond_instances' has the wrong structure
2017-06-18 09:56:01 1044 [ERROR] Native table 'performance_schema'.'events_waits_current' has the wrong structure
2017-06-18 09:56:01 1044 [ERROR] Native table 'performance_schema'.'events_waits_history' has the wrong structure
2017-06-18 09:56:01 1044 [ERROR] Native table 'performance_schema'.'events_waits_history_long' has the wrong structure
2017-06-18 09:56:01 1044 [ERROR] Native table 'performance_schema'.'events_waits_summary_by_host_by_event_name' has the wrong structure
2017-06-18 09:56:01 1044 [ERROR] Native table 'performance_schema'.'events_waits_summary_by_instance' has the wrong structure
2017-06-18 09:56:01 1044 [ERROR] Native table 'performance_schema'.'events_waits_summary_by_thread_by_event_name' has the wrong structure
2017-06-18 09:56:01 1044 [ERROR] Native table 'performance_schema'.'events_waits_summary_by_user_by_event_name' has the wrong structure
2017-06-18 09:56:01 1044 [ERROR] Native table 'performance_schema'.'events_waits_summary_by_account_by_event_name' has the wrong structure
2017-06-18 09:56:01 1044 [ERROR] Native table 'performance_schema'.'events_waits_summary_global_by_event_name' has the wrong structure
2017-06-18 09:56:01 1044 [ERROR] Native table 'performance_schema'.'file_instances' has the wrong structure
2017-06-18 09:56:01 1044 [ERROR] Native table 'performance_schema'.'file_summary_by_event_name' has the wrong structure
2017-06-18 09:56:01 1044 [ERROR] Native table 'performance_schema'.'file_summary_by_instance' has the wrong structure
2017-06-18 09:56:01 1044 [ERROR] Native table 'performance_schema'.'host_cache' has the wrong structure
2017-06-18 09:56:01 1044 [ERROR] Native table 'performance_schema'.'mutex_instances' has the wrong structure
2017-06-18 09:56:01 1044 [ERROR] Native table 'performance_schema'.'objects_summary_global_by_type' has the wrong structure
2017-06-18 09:56:01 1044 [ERROR] Native table 'performance_schema'.'performance_timers' has the wrong structure
2017-06-18 09:56:01 1044 [ERROR] Native table 'performance_schema'.'rwlock_instances' has the wrong structure
2017-06-18 09:56:01 1044 [ERROR] Native table 'performance_schema'.'setup_actors' has the wrong structure
2017-06-18 09:56:01 1044 [ERROR] Native table 'performance_schema'.'setup_consumers' has the wrong structure
2017-06-18 09:56:01 1044 [ERROR] Native table 'performance_schema'.'setup_instruments' has the wrong structure
2017-06-18 09:56:01 1044 [ERROR] Native table 'performance_schema'.'setup_objects' has the wrong structure
2017-06-18 09:56:01 1044 [ERROR] Native table 'performance_schema'.'setup_timers' has the wrong structure
2017-06-18 09:56:01 1044 [ERROR] Native table 'performance_schema'.'table_io_waits_summary_by_index_usage' has the wrong structure
2017-06-18 09:56:01 1044 [ERROR] Native table 'performance_schema'.'table_io_waits_summary_by_table' has the wrong structure
2017-06-18 09:56:01 1044 [ERROR] Native table 'performance_schema'.'table_lock_waits_summary_by_table' has the wrong structure
2017-06-18 09:56:01 1044 [ERROR] Native table 'performance_schema'.'threads' has the wrong structure
2017-06-18 09:56:01 1044 [ERROR] Native table 'performance_schema'.'events_stages_current' has the wrong structure
2017-06-18 09:56:01 1044 [ERROR] Native table 'performance_schema'.'events_stages_history' has the wrong structure
2017-06-18 09:56:01 1044 [ERROR] Native table 'performance_schema'.'events_stages_history_long' has the wrong structure
2017-06-18 09:56:01 1044 [ERROR] Native table 'performance_schema'.'events_stages_summary_by_thread_by_event_name' has the wrong structure
2017-06-18 09:56:01 1044 [ERROR] Native table 'performance_schema'.'events_stages_summary_by_account_by_event_name' has the wrong structure
2017-06-18 09:56:01 1044 [ERROR] Native table 'performance_schema'.'events_stages_summary_by_user_by_event_name' has the wrong structure
2017-06-18 09:56:01 1044 [ERROR] Native table 'performance_schema'.'events_stages_summary_by_host_by_event_name' has the wrong structure
2017-06-18 09:56:01 1044 [ERROR] Native table 'performance_schema'.'events_stages_summary_global_by_event_name' has the wrong structure
2017-06-18 09:56:01 1044 [ERROR] Native table 'performance_schema'.'events_statements_current' has the wrong structure
2017-06-18 09:56:01 1044 [ERROR] Native table 'performance_schema'.'events_statements_history' has the wrong structure
2017-06-18 09:56:01 1044 [ERROR] Native table 'performance_schema'.'events_statements_history_long' has the wrong structure
2017-06-18 09:56:01 1044 [ERROR] Native table 'performance_schema'.'events_statements_summary_by_thread_by_event_name' has the wrong structure
2017-06-18 09:56:01 1044 [ERROR] Native table 'performance_schema'.'events_statements_summary_by_account_by_event_name' has the wrong structure
2017-06-18 09:56:01 1044 [ERROR] Native table 'performance_schema'.'events_statements_summary_by_user_by_event_name' has the wrong structure
2017-06-18 09:56:01 1044 [ERROR] Native table 'performance_schema'.'events_statements_summary_by_host_by_event_name' has the wrong structure
2017-06-18 09:56:01 1044 [ERROR] Native table 'performance_schema'.'events_statements_summary_global_by_event_name' has the wrong structure
2017-06-18 09:56:01 1044 [ERROR] Native table 'performance_schema'.'events_statements_summary_by_digest' has the wrong structure
2017-06-18 09:56:01 1044 [ERROR] Native table 'performance_schema'.'users' has the wrong structure
2017-06-18 09:56:01 1044 [ERROR] Native table 'performance_schema'.'accounts' has the wrong structure
2017-06-18 09:56:01 1044 [ERROR] Native table 'performance_schema'.'hosts' has the wrong structure
2017-06-18 09:56:01 1044 [ERROR] Native table 'performance_schema'.'socket_instances' has the wrong structure
2017-06-18 09:56:01 1044 [ERROR] Native table 'performance_schema'.'socket_summary_by_instance' has the wrong structure
2017-06-18 09:56:01 1044 [ERROR] Native table 'performance_schema'.'socket_summary_by_event_name' has the wrong structure
2017-06-18 09:56:01 1044 [ERROR] Native table 'performance_schema'.'session_connect_attrs' has the wrong structure
2017-06-18 09:56:01 1044 [ERROR] Native table 'performance_schema'.'session_account_connect_attrs' has the wrong structure
2017-06-18 09:56:01 1044 [Note] Event Scheduler: Loaded 0 events
2017-06-18 09:56:01 1044 [Note] D:\Server/mysql/bin/mysqld_usbwv8.exe: ready for connections.
Version: '5.6.13'  socket: ''  port: 3307  MySQL Community Server (GPL)
2017-10-13 21:46:37 4224 [Note] Plugin 'FEDERATED' is disabled.
2017-10-13 21:46:38 4224 [Note] InnoDB: The InnoDB memory heap is disabled
2017-10-13 21:46:38 4224 [Note] InnoDB: Mutexes and rw_locks use Windows interlocked functions
2017-10-13 21:46:38 4224 [Note] InnoDB: Compressed tables use zlib 1.2.3
2017-10-13 21:46:38 4224 [Note] InnoDB: Not using CPU crc32 instructions
2017-10-13 21:46:38 4224 [Note] InnoDB: Initializing buffer pool, size = 128.0M
2017-10-13 21:46:38 4224 [Note] InnoDB: Completed initialization of buffer pool
2017-10-13 21:46:38 4224 [Note] InnoDB: Highest supported file format is Barracuda.
2017-10-13 21:46:38 4224 [Note] InnoDB: The log sequence numbers 1626134 and 1626134 in ibdata files do not match the log sequence number 3250425 in the ib_logfiles!
2017-10-13 21:46:38 4224 [Note] InnoDB: Database was not shutdown normally!
2017-10-13 21:46:38 4224 [Note] InnoDB: Starting crash recovery.
2017-10-13 21:46:38 4224 [Note] InnoDB: Reading tablespace information from the .ibd files...
2017-10-13 21:46:40 4224 [Note] InnoDB: Restoring possible half-written data pages 
2017-10-13 21:46:40 4224 [Note] InnoDB: from the doublewrite buffer...
2017-10-13 21:46:43 4224 [Note] InnoDB: 128 rollback segment(s) are active.
2017-10-13 21:46:43 4224 [Note] InnoDB: Waiting for purge to start
2017-10-13 21:46:43 4224 [Note] InnoDB: 5.6.13 started; log sequence number 3250425
2017-10-13 21:46:43 4224 [Note] Server hostname (bind-address): '*'; port: 3307
2017-10-13 21:46:43 4224 [Note] IPv6 is available.
2017-10-13 21:46:43 4224 [Note]   - '::' resolves to '::';
2017-10-13 21:46:43 4224 [Note] Server socket created on IP: '::'.
2017-10-13 22:51:54 6392 [Note] Plugin 'FEDERATED' is disabled.
2017-10-13 22:51:54 6392 [Note] InnoDB: The InnoDB memory heap is disabled
2017-10-13 22:51:54 6392 [Note] InnoDB: Mutexes and rw_locks use Windows interlocked functions
2017-10-13 22:51:54 6392 [Note] InnoDB: Compressed tables use zlib 1.2.3
2017-10-13 22:51:54 6392 [Note] InnoDB: Not using CPU crc32 instructions
2017-10-13 22:51:54 6392 [Note] InnoDB: Initializing buffer pool, size = 128.0M
2017-10-13 22:51:54 6392 [Note] InnoDB: Completed initialization of buffer pool
2017-10-13 22:51:55 6392 [Note] InnoDB: Highest supported file format is Barracuda.
2017-10-13 22:51:55 6392 [Note] InnoDB: The log sequence numbers 1626134 and 1626134 in ibdata files do not match the log sequence number 3266618 in the ib_logfiles!
2017-10-13 22:51:55 6392 [Note] InnoDB: Database was not shutdown normally!
2017-10-13 22:51:55 6392 [Note] InnoDB: Starting crash recovery.
2017-10-13 22:51:55 6392 [Note] InnoDB: Reading tablespace information from the .ibd files...
2017-10-13 22:51:55 6392 [Note] InnoDB: Restoring possible half-written data pages 
2017-10-13 22:51:55 6392 [Note] InnoDB: from the doublewrite buffer...
2017-10-13 22:52:00 6392 [Note] InnoDB: 128 rollback segment(s) are active.
2017-10-13 22:52:00 6392 [Note] InnoDB: Waiting for purge to start
2017-10-13 22:52:00 6392 [Note] InnoDB: 5.6.13 started; log sequence number 3266618
2017-10-13 22:52:00 6392 [Note] Server hostname (bind-address): '*'; port: 3307
2017-10-13 22:52:00 6392 [Note] IPv6 is available.
2017-10-13 22:52:00 6392 [Note]   - '::' resolves to '::';
2017-10-13 22:52:00 6392 [Note] Server socket created on IP: '::'.
