2017-10-17 11:27:23 4176 [Note] Plugin 'FEDERATED' is disabled.
2017-10-17 11:27:29 4176 [Note] InnoDB: The InnoDB memory heap is disabled
2017-10-17 11:27:29 4176 [Note] InnoDB: Mutexes and rw_locks use Windows interlocked functions
2017-10-17 11:27:29 4176 [Note] InnoDB: Compressed tables use zlib 1.2.3
2017-10-17 11:27:29 4176 [Note] InnoDB: Not using CPU crc32 instructions
2017-10-17 11:27:29 4176 [Note] InnoDB: Initializing buffer pool, size = 128.0M
2017-10-17 11:27:29 4176 [Note] InnoDB: Completed initialization of buffer pool
2017-10-17 11:27:31 4176 [Note] InnoDB: Highest supported file format is Barracuda.
2017-10-17 11:27:31 4176 [Note] InnoDB: Log scan progressed past the checkpoint lsn 3358171
2017-10-17 11:27:31 4176 [Note] InnoDB: Database was not shutdown normally!
2017-10-17 11:27:31 4176 [Note] InnoDB: Starting crash recovery.
2017-10-17 11:27:31 4176 [Note] InnoDB: Reading tablespace information from the .ibd files...
2017-10-17 11:27:32 4176 [Note] InnoDB: Restoring possible half-written data pages 
2017-10-17 11:27:32 4176 [Note] InnoDB: from the doublewrite buffer...
InnoDB: Doing recovery: scanned up to log sequence number 3404592
2017-10-17 11:27:38 4176 [Note] InnoDB: Starting an apply batch of log records to the database...
InnoDB: Progress in percent: 35 36 37 38 39 40 41 42 43 44 45 46 47 48 49 50 51 52 53 54 55 56 57 58 59 60 61 62 63 64 65 66 67 68 69 70 71 72 73 74 75 76 77 78 79 80 81 82 83 84 85 86 87 88 89 90 91 92 93 94 95 96 97 98 99 
InnoDB: Apply batch completed
2017-10-17 11:27:38 4176 [Note] InnoDB: 128 rollback segment(s) are active.
2017-10-17 11:27:38 4176 [Note] InnoDB: Waiting for purge to start
2017-10-17 11:27:38 4176 [Note] InnoDB: 5.6.13 started; log sequence number 3404592
2017-10-17 11:27:39 4176 [Note] Server hostname (bind-address): '*'; port: 3307
2017-10-17 11:27:39 4176 [Note] IPv6 is available.
2017-10-17 11:27:39 4176 [Note]   - '::' resolves to '::';
2017-10-17 11:27:39 4176 [Note] Server socket created on IP: '::'.
2017-10-17 11:28:01 4176 [ERROR] Native table 'performance_schema'.'cond_instances' has the wrong structure
2017-10-17 11:28:01 4176 [ERROR] Native table 'performance_schema'.'events_waits_current' has the wrong structure
2017-10-17 11:28:01 4176 [ERROR] Native table 'performance_schema'.'events_waits_history' has the wrong structure
2017-10-17 11:28:01 4176 [ERROR] Native table 'performance_schema'.'events_waits_history_long' has the wrong structure
2017-10-17 11:28:01 4176 [ERROR] Native table 'performance_schema'.'events_waits_summary_by_host_by_event_name' has the wrong structure
2017-10-17 11:28:01 4176 [ERROR] Native table 'performance_schema'.'events_waits_summary_by_instance' has the wrong structure
2017-10-17 11:28:01 4176 [ERROR] Native table 'performance_schema'.'events_waits_summary_by_thread_by_event_name' has the wrong structure
2017-10-17 11:28:01 4176 [ERROR] Native table 'performance_schema'.'events_waits_summary_by_user_by_event_name' has the wrong structure
2017-10-17 11:28:01 4176 [ERROR] Native table 'performance_schema'.'events_waits_summary_by_account_by_event_name' has the wrong structure
2017-10-17 11:28:01 4176 [ERROR] Native table 'performance_schema'.'events_waits_summary_global_by_event_name' has the wrong structure
2017-10-17 11:28:01 4176 [ERROR] Native table 'performance_schema'.'file_instances' has the wrong structure
2017-10-17 11:28:01 4176 [ERROR] Native table 'performance_schema'.'file_summary_by_event_name' has the wrong structure
2017-10-17 11:28:01 4176 [ERROR] Native table 'performance_schema'.'file_summary_by_instance' has the wrong structure
2017-10-17 11:28:01 4176 [ERROR] Native table 'performance_schema'.'host_cache' has the wrong structure
2017-10-17 11:28:01 4176 [ERROR] Native table 'performance_schema'.'mutex_instances' has the wrong structure
2017-10-17 11:28:01 4176 [ERROR] Native table 'performance_schema'.'objects_summary_global_by_type' has the wrong structure
2017-10-17 11:28:01 4176 [ERROR] Native table 'performance_schema'.'performance_timers' has the wrong structure
2017-10-17 11:28:03 4176 [ERROR] Native table 'performance_schema'.'rwlock_instances' has the wrong structure
2017-10-17 11:28:03 4176 [ERROR] Native table 'performance_schema'.'setup_actors' has the wrong structure
2017-10-17 11:28:03 4176 [ERROR] Native table 'performance_schema'.'setup_consumers' has the wrong structure
2017-10-17 11:28:03 4176 [ERROR] Native table 'performance_schema'.'setup_instruments' has the wrong structure
2017-10-17 11:28:03 4176 [ERROR] Native table 'performance_schema'.'setup_objects' has the wrong structure
2017-10-17 11:28:03 4176 [ERROR] Native table 'performance_schema'.'setup_timers' has the wrong structure
2017-10-17 11:28:03 4176 [ERROR] Native table 'performance_schema'.'table_io_waits_summary_by_index_usage' has the wrong structure
2017-10-17 11:28:03 4176 [ERROR] Native table 'performance_schema'.'table_io_waits_summary_by_table' has the wrong structure
2017-10-17 11:28:03 4176 [ERROR] Native table 'performance_schema'.'table_lock_waits_summary_by_table' has the wrong structure
2017-10-17 11:28:03 4176 [ERROR] Native table 'performance_schema'.'threads' has the wrong structure
2017-10-17 11:28:03 4176 [ERROR] Native table 'performance_schema'.'events_stages_current' has the wrong structure
2017-10-17 11:28:03 4176 [ERROR] Native table 'performance_schema'.'events_stages_history' has the wrong structure
2017-10-17 11:28:03 4176 [ERROR] Native table 'performance_schema'.'events_stages_history_long' has the wrong structure
2017-10-17 11:28:03 4176 [ERROR] Native table 'performance_schema'.'events_stages_summary_by_thread_by_event_name' has the wrong structure
2017-10-17 11:28:03 4176 [ERROR] Native table 'performance_schema'.'events_stages_summary_by_account_by_event_name' has the wrong structure
2017-10-17 11:28:03 4176 [ERROR] Native table 'performance_schema'.'events_stages_summary_by_user_by_event_name' has the wrong structure
2017-10-17 11:28:03 4176 [ERROR] Native table 'performance_schema'.'events_stages_summary_by_host_by_event_name' has the wrong structure
2017-10-17 11:28:03 4176 [ERROR] Native table 'performance_schema'.'events_stages_summary_global_by_event_name' has the wrong structure
2017-10-17 11:28:03 4176 [ERROR] Native table 'performance_schema'.'events_statements_current' has the wrong structure
2017-10-17 11:28:03 4176 [ERROR] Native table 'performance_schema'.'events_statements_history' has the wrong structure
2017-10-17 11:28:03 4176 [ERROR] Native table 'performance_schema'.'events_statements_history_long' has the wrong structure
2017-10-17 11:28:03 4176 [ERROR] Native table 'performance_schema'.'events_statements_summary_by_thread_by_event_name' has the wrong structure
2017-10-17 11:28:03 4176 [ERROR] Native table 'performance_schema'.'events_statements_summary_by_account_by_event_name' has the wrong structure
2017-10-17 11:28:03 4176 [ERROR] Native table 'performance_schema'.'events_statements_summary_by_user_by_event_name' has the wrong structure
2017-10-17 11:28:03 4176 [ERROR] Native table 'performance_schema'.'events_statements_summary_by_host_by_event_name' has the wrong structure
2017-10-17 11:28:03 4176 [ERROR] Native table 'performance_schema'.'events_statements_summary_global_by_event_name' has the wrong structure
2017-10-17 11:28:03 4176 [ERROR] Native table 'performance_schema'.'events_statements_summary_by_digest' has the wrong structure
2017-10-17 11:28:03 4176 [ERROR] Native table 'performance_schema'.'users' has the wrong structure
2017-10-17 11:28:03 4176 [ERROR] Native table 'performance_schema'.'accounts' has the wrong structure
2017-10-17 11:28:03 4176 [ERROR] Native table 'performance_schema'.'hosts' has the wrong structure
2017-10-17 11:28:03 4176 [ERROR] Native table 'performance_schema'.'socket_instances' has the wrong structure
2017-10-17 11:28:03 4176 [ERROR] Native table 'performance_schema'.'socket_summary_by_instance' has the wrong structure
2017-10-17 11:28:03 4176 [ERROR] Native table 'performance_schema'.'socket_summary_by_event_name' has the wrong structure
2017-10-17 11:28:03 4176 [ERROR] Native table 'performance_schema'.'session_connect_attrs' has the wrong structure
2017-10-17 11:28:03 4176 [ERROR] Native table 'performance_schema'.'session_account_connect_attrs' has the wrong structure
2017-10-17 11:28:04 4176 [Note] Event Scheduler: Loaded 0 events
2017-10-17 11:28:04 4176 [Note] E:\Server/mysql/bin/mysqld_usbwv8.exe: ready for connections.
Version: '5.6.13'  socket: ''  port: 3307  MySQL Community Server (GPL)
