2017-02-13 10:48:38 2680 [Note] Plugin 'FEDERATED' is disabled.
2017-02-13 10:48:43 2680 [Note] InnoDB: The InnoDB memory heap is disabled
2017-02-13 10:48:43 2680 [Note] InnoDB: Mutexes and rw_locks use Windows interlocked functions
2017-02-13 10:48:43 2680 [Note] InnoDB: Compressed tables use zlib 1.2.3
2017-02-13 10:48:43 2680 [Note] InnoDB: Not using CPU crc32 instructions
2017-02-13 10:48:43 2680 [Note] InnoDB: Initializing buffer pool, size = 128.0M
2017-02-13 10:48:43 2680 [Note] InnoDB: Completed initialization of buffer pool
2017-02-13 10:48:43 2680 [Note] InnoDB: Setting log file E:\Server\mysql\data\ib_logfile101 size to 5 MB
2017-02-13 10:48:49 2680 [Note] InnoDB: Setting log file E:\Server\mysql\data\ib_logfile1 size to 5 MB
2017-02-13 10:48:55 2680 [Note] InnoDB: Renaming log file E:\Server\mysql\data\ib_logfile101 to E:\Server\mysql\data\ib_logfile0
2017-02-13 10:48:56 2680 [Warning] InnoDB: New log files created, LSN=1626134
2017-02-13 10:48:56 2680 [Note] InnoDB: Highest supported file format is Barracuda.
2017-02-13 10:48:57 2680 [Note] InnoDB: 128 rollback segment(s) are active.
2017-02-13 10:48:57 2680 [Note] InnoDB: Waiting for purge to start
2017-02-13 10:48:57 2680 [Note] InnoDB: 5.6.13 started; log sequence number 1626636
2017-02-13 10:48:57 2680 [Warning] No existing UUID has been found, so we assume that this is the first time that this server has been started. Generating a new UUID: c8aa931d-f1ea-11e6-bc5b-74867afd8684.
2017-02-13 10:48:59 2680 [Note] Server hostname (bind-address): '*'; port: 3307
2017-02-13 10:48:59 2680 [Note] IPv6 is available.
2017-02-13 10:48:59 2680 [Note]   - '::' resolves to '::';
2017-02-13 10:48:59 2680 [Note] Server socket created on IP: '::'.
2017-02-13 10:49:09 2680 [Note] Event Scheduler: Loaded 0 events
2017-02-13 10:49:09 2680 [Note] E:\Server/mysql/bin/mysqld_usbwv8.exe: ready for connections.
Version: '5.6.13'  socket: ''  port: 3307  MySQL Community Server (GPL)
2017-02-20 10:31:08 4044 [Note] Plugin 'FEDERATED' is disabled.
2017-02-20 10:31:09 4044 [Note] InnoDB: The InnoDB memory heap is disabled
2017-02-20 10:31:09 4044 [Note] InnoDB: Mutexes and rw_locks use Windows interlocked functions
2017-02-20 10:31:09 4044 [Note] InnoDB: Compressed tables use zlib 1.2.3
2017-02-20 10:31:09 4044 [Note] InnoDB: Not using CPU crc32 instructions
2017-02-20 10:31:09 4044 [Note] InnoDB: Initializing buffer pool, size = 128.0M
2017-02-20 10:31:09 4044 [Note] InnoDB: Completed initialization of buffer pool
2017-02-20 10:31:11 4044 [Note] InnoDB: Highest supported file format is Barracuda.
2017-02-20 10:31:11 4044 [Note] InnoDB: The log sequence numbers 1626134 and 1626134 in ibdata files do not match the log sequence number 1626656 in the ib_logfiles!
2017-02-20 10:31:11 4044 [Note] InnoDB: Database was not shutdown normally!
2017-02-20 10:31:11 4044 [Note] InnoDB: Starting crash recovery.
2017-02-20 10:31:11 4044 [Note] InnoDB: Reading tablespace information from the .ibd files...
2017-02-20 10:31:16 4044 [Note] InnoDB: Restoring possible half-written data pages 
2017-02-20 10:31:16 4044 [Note] InnoDB: from the doublewrite buffer...
2017-02-20 10:31:18 4044 [Note] InnoDB: 128 rollback segment(s) are active.
2017-02-20 10:31:18 4044 [Note] InnoDB: Waiting for purge to start
2017-02-20 10:31:18 4044 [Note] InnoDB: 5.6.13 started; log sequence number 1626656
2017-02-20 10:31:19 4044 [Note] Server hostname (bind-address): '*'; port: 3307
2017-02-20 10:31:19 4044 [Note] IPv6 is available.
2017-02-20 10:31:19 4044 [Note]   - '::' resolves to '::';
2017-02-20 10:31:19 4044 [Note] Server socket created on IP: '::'.
2017-02-20 10:31:26 4044 [Note] Event Scheduler: Loaded 0 events
2017-02-20 10:31:26 4044 [Note] E:\Server/mysql/bin/mysqld_usbwv8.exe: ready for connections.
Version: '5.6.13'  socket: ''  port: 3307  MySQL Community Server (GPL)
