2017-07-26 10:22:01 5032 [Note] Plugin 'FEDERATED' is disabled.
2017-07-26 10:22:03 5032 [Note] InnoDB: The InnoDB memory heap is disabled
2017-07-26 10:22:03 5032 [Note] InnoDB: Mutexes and rw_locks use Windows interlocked functions
2017-07-26 10:22:03 5032 [Note] InnoDB: Compressed tables use zlib 1.2.3
2017-07-26 10:22:03 5032 [Note] InnoDB: Not using CPU crc32 instructions
2017-07-26 10:22:03 5032 [Note] InnoDB: Initializing buffer pool, size = 128.0M
2017-07-26 10:22:03 5032 [Note] InnoDB: Completed initialization of buffer pool
2017-07-26 10:22:05 5032 [Note] InnoDB: Highest supported file format is Barracuda.
2017-07-26 10:22:06 5032 [Note] InnoDB: The log sequence numbers 1626134 and 1626134 in ibdata files do not match the log sequence number 2798374 in the ib_logfiles!
2017-07-26 10:22:06 5032 [Note] InnoDB: Database was not shutdown normally!
2017-07-26 10:22:06 5032 [Note] InnoDB: Starting crash recovery.
2017-07-26 10:22:06 5032 [Note] InnoDB: Reading tablespace information from the .ibd files...
2017-07-26 10:22:11 5032 [Note] InnoDB: Restoring possible half-written data pages 
2017-07-26 10:22:11 5032 [Note] InnoDB: from the doublewrite buffer...
2017-07-26 10:22:19 5032 [Note] InnoDB: 128 rollback segment(s) are active.
2017-07-26 10:22:19 5032 [Note] InnoDB: Waiting for purge to start
2017-07-26 10:22:19 5032 [Note] InnoDB: 5.6.13 started; log sequence number 2798374
2017-07-26 10:22:19 5032 [Note] Server hostname (bind-address): '*'; port: 3307
2017-07-26 10:22:19 5032 [Note] IPv6 is available.
2017-07-26 10:22:19 5032 [Note]   - '::' resolves to '::';
2017-07-26 10:22:19 5032 [Note] Server socket created on IP: '::'.
2017-07-26 10:22:24 5032 [ERROR] Native table 'performance_schema'.'cond_instances' has the wrong structure
2017-07-26 10:22:24 5032 [ERROR] Native table 'performance_schema'.'events_waits_current' has the wrong structure
2017-07-26 10:22:24 5032 [ERROR] Native table 'performance_schema'.'events_waits_history' has the wrong structure
2017-07-26 10:22:24 5032 [ERROR] Native table 'performance_schema'.'events_waits_history_long' has the wrong structure
2017-07-26 10:22:24 5032 [ERROR] Native table 'performance_schema'.'events_waits_summary_by_host_by_event_name' has the wrong structure
2017-07-26 10:22:24 5032 [ERROR] Native table 'performance_schema'.'events_waits_summary_by_instance' has the wrong structure
2017-07-26 10:22:24 5032 [ERROR] Native table 'performance_schema'.'events_waits_summary_by_thread_by_event_name' has the wrong structure
2017-07-26 10:22:24 5032 [ERROR] Native table 'performance_schema'.'events_waits_summary_by_user_by_event_name' has the wrong structure
2017-07-26 10:22:24 5032 [ERROR] Native table 'performance_schema'.'events_waits_summary_by_account_by_event_name' has the wrong structure
2017-07-26 10:22:24 5032 [ERROR] Native table 'performance_schema'.'events_waits_summary_global_by_event_name' has the wrong structure
2017-07-26 10:22:24 5032 [ERROR] Native table 'performance_schema'.'file_instances' has the wrong structure
2017-07-26 10:22:24 5032 [ERROR] Native table 'performance_schema'.'file_summary_by_event_name' has the wrong structure
2017-07-26 10:22:24 5032 [ERROR] Native table 'performance_schema'.'file_summary_by_instance' has the wrong structure
2017-07-26 10:22:24 5032 [ERROR] Native table 'performance_schema'.'host_cache' has the wrong structure
2017-07-26 10:22:24 5032 [ERROR] Native table 'performance_schema'.'mutex_instances' has the wrong structure
2017-07-26 10:22:24 5032 [ERROR] Native table 'performance_schema'.'objects_summary_global_by_type' has the wrong structure
2017-07-26 10:22:24 5032 [ERROR] Native table 'performance_schema'.'performance_timers' has the wrong structure
2017-07-26 10:22:24 5032 [ERROR] Native table 'performance_schema'.'rwlock_instances' has the wrong structure
2017-07-26 10:22:24 5032 [ERROR] Native table 'performance_schema'.'setup_actors' has the wrong structure
2017-07-26 10:22:24 5032 [ERROR] Native table 'performance_schema'.'setup_consumers' has the wrong structure
2017-07-26 10:22:24 5032 [ERROR] Native table 'performance_schema'.'setup_instruments' has the wrong structure
2017-07-26 10:22:26 5032 [ERROR] Native table 'performance_schema'.'setup_objects' has the wrong structure
2017-07-26 10:22:26 5032 [ERROR] Native table 'performance_schema'.'setup_timers' has the wrong structure
2017-07-26 10:22:26 5032 [ERROR] Native table 'performance_schema'.'table_io_waits_summary_by_index_usage' has the wrong structure
2017-07-26 10:22:26 5032 [ERROR] Native table 'performance_schema'.'table_io_waits_summary_by_table' has the wrong structure
2017-07-26 10:22:26 5032 [ERROR] Native table 'performance_schema'.'table_lock_waits_summary_by_table' has the wrong structure
2017-07-26 10:22:26 5032 [ERROR] Native table 'performance_schema'.'threads' has the wrong structure
2017-07-26 10:22:27 5032 [ERROR] Native table 'performance_schema'.'events_stages_current' has the wrong structure
2017-07-26 10:22:27 5032 [ERROR] Native table 'performance_schema'.'events_stages_history' has the wrong structure
2017-07-26 10:22:27 5032 [ERROR] Native table 'performance_schema'.'events_stages_history_long' has the wrong structure
2017-07-26 10:22:27 5032 [ERROR] Native table 'performance_schema'.'events_stages_summary_by_thread_by_event_name' has the wrong structure
2017-07-26 10:22:27 5032 [ERROR] Native table 'performance_schema'.'events_stages_summary_by_account_by_event_name' has the wrong structure
2017-07-26 10:22:27 5032 [ERROR] Native table 'performance_schema'.'events_stages_summary_by_user_by_event_name' has the wrong structure
2017-07-26 10:22:27 5032 [ERROR] Native table 'performance_schema'.'events_stages_summary_by_host_by_event_name' has the wrong structure
2017-07-26 10:22:27 5032 [ERROR] Native table 'performance_schema'.'events_stages_summary_global_by_event_name' has the wrong structure
2017-07-26 10:22:27 5032 [ERROR] Native table 'performance_schema'.'events_statements_current' has the wrong structure
2017-07-26 10:22:27 5032 [ERROR] Native table 'performance_schema'.'events_statements_history' has the wrong structure
2017-07-26 10:22:27 5032 [ERROR] Native table 'performance_schema'.'events_statements_history_long' has the wrong structure
2017-07-26 10:22:27 5032 [ERROR] Native table 'performance_schema'.'events_statements_summary_by_thread_by_event_name' has the wrong structure
2017-07-26 10:22:27 5032 [ERROR] Native table 'performance_schema'.'events_statements_summary_by_account_by_event_name' has the wrong structure
2017-07-26 10:22:27 5032 [ERROR] Native table 'performance_schema'.'events_statements_summary_by_user_by_event_name' has the wrong structure
2017-07-26 10:22:27 5032 [ERROR] Native table 'performance_schema'.'events_statements_summary_by_host_by_event_name' has the wrong structure
2017-07-26 10:22:27 5032 [ERROR] Native table 'performance_schema'.'events_statements_summary_global_by_event_name' has the wrong structure
2017-07-26 10:22:27 5032 [ERROR] Native table 'performance_schema'.'events_statements_summary_by_digest' has the wrong structure
2017-07-26 10:22:27 5032 [ERROR] Native table 'performance_schema'.'users' has the wrong structure
2017-07-26 10:22:27 5032 [ERROR] Native table 'performance_schema'.'accounts' has the wrong structure
2017-07-26 10:22:27 5032 [ERROR] Native table 'performance_schema'.'hosts' has the wrong structure
2017-07-26 10:22:27 5032 [ERROR] Native table 'performance_schema'.'socket_instances' has the wrong structure
2017-07-26 10:22:27 5032 [ERROR] Native table 'performance_schema'.'socket_summary_by_instance' has the wrong structure
2017-07-26 10:22:27 5032 [ERROR] Native table 'performance_schema'.'socket_summary_by_event_name' has the wrong structure
2017-07-26 10:22:27 5032 [ERROR] Native table 'performance_schema'.'session_connect_attrs' has the wrong structure
2017-07-26 10:22:27 5032 [ERROR] Native table 'performance_schema'.'session_account_connect_attrs' has the wrong structure
2017-07-26 10:22:27 5032 [Note] Event Scheduler: Loaded 0 events
2017-07-26 10:22:27 5032 [Note] E:\Server/mysql/bin/mysqld_usbwv8.exe: ready for connections.
Version: '5.6.13'  socket: ''  port: 3307  MySQL Community Server (GPL)
2017-10-11 10:36:30 1152 [Note] Plugin 'FEDERATED' is disabled.
2017-10-11 10:36:30 1152 [Note] InnoDB: The InnoDB memory heap is disabled
2017-10-11 10:36:30 1152 [Note] InnoDB: Mutexes and rw_locks use Windows interlocked functions
2017-10-11 10:36:30 1152 [Note] InnoDB: Compressed tables use zlib 1.2.3
2017-10-11 10:36:30 1152 [Note] InnoDB: Not using CPU crc32 instructions
2017-10-11 10:36:30 1152 [Note] InnoDB: Initializing buffer pool, size = 128.0M
2017-10-11 10:36:30 1152 [Note] InnoDB: Completed initialization of buffer pool
2017-10-11 10:36:31 1152 [Note] InnoDB: Highest supported file format is Barracuda.
2017-10-11 10:36:31 1152 [Note] InnoDB: The log sequence numbers 1626134 and 1626134 in ibdata files do not match the log sequence number 3250395 in the ib_logfiles!
2017-10-11 10:36:31 1152 [Note] InnoDB: Database was not shutdown normally!
2017-10-11 10:36:31 1152 [Note] InnoDB: Starting crash recovery.
2017-10-11 10:36:31 1152 [Note] InnoDB: Reading tablespace information from the .ibd files...
2017-10-11 10:36:33 1152 [Note] InnoDB: Restoring possible half-written data pages 
2017-10-11 10:36:33 1152 [Note] InnoDB: from the doublewrite buffer...
2017-10-11 10:36:37 1152 [Note] InnoDB: 128 rollback segment(s) are active.
2017-10-11 10:36:37 1152 [Note] InnoDB: Waiting for purge to start
2017-10-11 10:36:37 1152 [Note] InnoDB: 5.6.13 started; log sequence number 3250395
2017-10-11 10:36:37 1152 [Note] Server hostname (bind-address): '*'; port: 3307
2017-10-11 10:36:37 1152 [Note] IPv6 is available.
2017-10-11 10:36:37 1152 [Note]   - '::' resolves to '::';
2017-10-11 10:36:37 1152 [Note] Server socket created on IP: '::'.
2017-10-11 10:36:42 1152 [ERROR] Native table 'performance_schema'.'cond_instances' has the wrong structure
2017-10-11 10:36:42 1152 [ERROR] Native table 'performance_schema'.'events_waits_current' has the wrong structure
2017-10-11 10:36:42 1152 [ERROR] Native table 'performance_schema'.'events_waits_history' has the wrong structure
2017-10-11 10:36:42 1152 [ERROR] Native table 'performance_schema'.'events_waits_history_long' has the wrong structure
2017-10-11 10:36:42 1152 [ERROR] Native table 'performance_schema'.'events_waits_summary_by_host_by_event_name' has the wrong structure
2017-10-11 10:36:42 1152 [ERROR] Native table 'performance_schema'.'events_waits_summary_by_instance' has the wrong structure
2017-10-11 10:36:42 1152 [ERROR] Native table 'performance_schema'.'events_waits_summary_by_thread_by_event_name' has the wrong structure
2017-10-11 10:36:42 1152 [ERROR] Native table 'performance_schema'.'events_waits_summary_by_user_by_event_name' has the wrong structure
2017-10-11 10:36:42 1152 [ERROR] Native table 'performance_schema'.'events_waits_summary_by_account_by_event_name' has the wrong structure
2017-10-11 10:36:42 1152 [ERROR] Native table 'performance_schema'.'events_waits_summary_global_by_event_name' has the wrong structure
2017-10-11 10:36:42 1152 [ERROR] Native table 'performance_schema'.'file_instances' has the wrong structure
2017-10-11 10:36:42 1152 [ERROR] Native table 'performance_schema'.'file_summary_by_event_name' has the wrong structure
2017-10-11 10:36:42 1152 [ERROR] Native table 'performance_schema'.'file_summary_by_instance' has the wrong structure
2017-10-11 10:36:42 1152 [ERROR] Native table 'performance_schema'.'host_cache' has the wrong structure
2017-10-11 10:36:42 1152 [ERROR] Native table 'performance_schema'.'mutex_instances' has the wrong structure
2017-10-11 10:36:42 1152 [ERROR] Native table 'performance_schema'.'objects_summary_global_by_type' has the wrong structure
2017-10-11 10:36:42 1152 [ERROR] Native table 'performance_schema'.'performance_timers' has the wrong structure
2017-10-11 10:36:42 1152 [ERROR] Native table 'performance_schema'.'rwlock_instances' has the wrong structure
2017-10-11 10:36:42 1152 [ERROR] Native table 'performance_schema'.'setup_actors' has the wrong structure
2017-10-11 10:36:42 1152 [ERROR] Native table 'performance_schema'.'setup_consumers' has the wrong structure
2017-10-11 10:36:44 1152 [ERROR] Native table 'performance_schema'.'setup_instruments' has the wrong structure
2017-10-11 10:36:44 1152 [ERROR] Native table 'performance_schema'.'setup_objects' has the wrong structure
2017-10-11 10:36:44 1152 [ERROR] Native table 'performance_schema'.'setup_timers' has the wrong structure
2017-10-11 10:36:44 1152 [ERROR] Native table 'performance_schema'.'table_io_waits_summary_by_index_usage' has the wrong structure
2017-10-11 10:36:44 1152 [ERROR] Native table 'performance_schema'.'table_io_waits_summary_by_table' has the wrong structure
2017-10-11 10:36:44 1152 [ERROR] Native table 'performance_schema'.'table_lock_waits_summary_by_table' has the wrong structure
2017-10-11 10:36:44 1152 [ERROR] Native table 'performance_schema'.'threads' has the wrong structure
2017-10-11 10:36:44 1152 [ERROR] Native table 'performance_schema'.'events_stages_current' has the wrong structure
2017-10-11 10:36:44 1152 [ERROR] Native table 'performance_schema'.'events_stages_history' has the wrong structure
2017-10-11 10:36:44 1152 [ERROR] Native table 'performance_schema'.'events_stages_history_long' has the wrong structure
2017-10-11 10:36:44 1152 [ERROR] Native table 'performance_schema'.'events_stages_summary_by_thread_by_event_name' has the wrong structure
2017-10-11 10:36:44 1152 [ERROR] Native table 'performance_schema'.'events_stages_summary_by_account_by_event_name' has the wrong structure
2017-10-11 10:36:44 1152 [ERROR] Native table 'performance_schema'.'events_stages_summary_by_user_by_event_name' has the wrong structure
2017-10-11 10:36:44 1152 [ERROR] Native table 'performance_schema'.'events_stages_summary_by_host_by_event_name' has the wrong structure
2017-10-11 10:36:45 1152 [ERROR] Native table 'performance_schema'.'events_stages_summary_global_by_event_name' has the wrong structure
2017-10-11 10:36:45 1152 [ERROR] Native table 'performance_schema'.'events_statements_current' has the wrong structure
2017-10-11 10:36:45 1152 [ERROR] Native table 'performance_schema'.'events_statements_history' has the wrong structure
2017-10-11 10:36:45 1152 [ERROR] Native table 'performance_schema'.'events_statements_history_long' has the wrong structure
2017-10-11 10:36:45 1152 [ERROR] Native table 'performance_schema'.'events_statements_summary_by_thread_by_event_name' has the wrong structure
2017-10-11 10:36:45 1152 [ERROR] Native table 'performance_schema'.'events_statements_summary_by_account_by_event_name' has the wrong structure
2017-10-11 10:36:45 1152 [ERROR] Native table 'performance_schema'.'events_statements_summary_by_user_by_event_name' has the wrong structure
2017-10-11 10:36:45 1152 [ERROR] Native table 'performance_schema'.'events_statements_summary_by_host_by_event_name' has the wrong structure
2017-10-11 10:36:45 1152 [ERROR] Native table 'performance_schema'.'events_statements_summary_global_by_event_name' has the wrong structure
2017-10-11 10:36:45 1152 [ERROR] Native table 'performance_schema'.'events_statements_summary_by_digest' has the wrong structure
2017-10-11 10:36:45 1152 [ERROR] Native table 'performance_schema'.'users' has the wrong structure
2017-10-11 10:36:45 1152 [ERROR] Native table 'performance_schema'.'accounts' has the wrong structure
2017-10-11 10:36:45 1152 [ERROR] Native table 'performance_schema'.'hosts' has the wrong structure
2017-10-11 10:36:45 1152 [ERROR] Native table 'performance_schema'.'socket_instances' has the wrong structure
2017-10-11 10:36:45 1152 [ERROR] Native table 'performance_schema'.'socket_summary_by_instance' has the wrong structure
2017-10-11 10:36:45 1152 [ERROR] Native table 'performance_schema'.'socket_summary_by_event_name' has the wrong structure
2017-10-11 10:36:45 1152 [ERROR] Native table 'performance_schema'.'session_connect_attrs' has the wrong structure
2017-10-11 10:36:45 1152 [ERROR] Native table 'performance_schema'.'session_account_connect_attrs' has the wrong structure
2017-10-11 10:36:45 1152 [Note] Event Scheduler: Loaded 0 events
2017-10-11 10:36:45 1152 [Note] E:\Server/mysql/bin/mysqld_usbwv8.exe: ready for connections.
Version: '5.6.13'  socket: ''  port: 3307  MySQL Community Server (GPL)
2017-10-11 10:38:08 4792 [Note] Plugin 'FEDERATED' is disabled.
2017-10-11 10:38:08 4792 [Note] InnoDB: The InnoDB memory heap is disabled
2017-10-11 10:38:08 4792 [Note] InnoDB: Mutexes and rw_locks use Windows interlocked functions
2017-10-11 10:38:08 4792 [Note] InnoDB: Compressed tables use zlib 1.2.3
2017-10-11 10:38:08 4792 [Note] InnoDB: Not using CPU crc32 instructions
2017-10-11 10:38:08 4792 [Note] InnoDB: Initializing buffer pool, size = 128.0M
2017-10-11 10:38:08 4792 [Note] InnoDB: Completed initialization of buffer pool
2017-10-11 10:38:08 4792 [Note] InnoDB: Highest supported file format is Barracuda.
2017-10-11 10:38:08 4792 [Note] InnoDB: The log sequence numbers 1626134 and 1626134 in ibdata files do not match the log sequence number 3250405 in the ib_logfiles!
2017-10-11 10:38:08 4792 [Note] InnoDB: Database was not shutdown normally!
2017-10-11 10:38:08 4792 [Note] InnoDB: Starting crash recovery.
2017-10-11 10:38:08 4792 [Note] InnoDB: Reading tablespace information from the .ibd files...
2017-10-11 10:38:09 4792 [Note] InnoDB: Restoring possible half-written data pages 
2017-10-11 10:38:09 4792 [Note] InnoDB: from the doublewrite buffer...
2017-10-11 10:38:14 4792 [Note] InnoDB: 128 rollback segment(s) are active.
2017-10-11 10:38:14 4792 [Note] InnoDB: Waiting for purge to start
2017-10-11 10:38:14 4792 [Note] InnoDB: 5.6.13 started; log sequence number 3250405
2017-10-11 10:38:14 4792 [Note] Server hostname (bind-address): '*'; port: 3307
2017-10-11 10:38:14 4792 [Note] IPv6 is available.
2017-10-11 10:38:14 4792 [Note]   - '::' resolves to '::';
2017-10-11 10:38:14 4792 [Note] Server socket created on IP: '::'.
2017-10-11 10:38:20 4792 [ERROR] Native table 'performance_schema'.'cond_instances' has the wrong structure
2017-10-11 10:38:20 4792 [ERROR] Native table 'performance_schema'.'events_waits_current' has the wrong structure
2017-10-11 10:38:20 4792 [ERROR] Native table 'performance_schema'.'events_waits_history' has the wrong structure
2017-10-11 10:38:20 4792 [ERROR] Native table 'performance_schema'.'events_waits_history_long' has the wrong structure
2017-10-11 10:38:20 4792 [ERROR] Native table 'performance_schema'.'events_waits_summary_by_host_by_event_name' has the wrong structure
2017-10-11 10:38:20 4792 [ERROR] Native table 'performance_schema'.'events_waits_summary_by_instance' has the wrong structure
2017-10-11 10:38:20 4792 [ERROR] Native table 'performance_schema'.'events_waits_summary_by_thread_by_event_name' has the wrong structure
2017-10-11 10:38:20 4792 [ERROR] Native table 'performance_schema'.'events_waits_summary_by_user_by_event_name' has the wrong structure
2017-10-11 10:38:20 4792 [ERROR] Native table 'performance_schema'.'events_waits_summary_by_account_by_event_name' has the wrong structure
2017-10-11 10:38:20 4792 [ERROR] Native table 'performance_schema'.'events_waits_summary_global_by_event_name' has the wrong structure
2017-10-11 10:38:20 4792 [ERROR] Native table 'performance_schema'.'file_instances' has the wrong structure
2017-10-11 10:38:20 4792 [ERROR] Native table 'performance_schema'.'file_summary_by_event_name' has the wrong structure
2017-10-11 10:38:20 4792 [ERROR] Native table 'performance_schema'.'file_summary_by_instance' has the wrong structure
2017-10-11 10:38:20 4792 [ERROR] Native table 'performance_schema'.'host_cache' has the wrong structure
2017-10-11 10:38:20 4792 [ERROR] Native table 'performance_schema'.'mutex_instances' has the wrong structure
2017-10-11 10:38:20 4792 [ERROR] Native table 'performance_schema'.'objects_summary_global_by_type' has the wrong structure
2017-10-11 10:38:20 4792 [ERROR] Native table 'performance_schema'.'performance_timers' has the wrong structure
2017-10-11 10:38:20 4792 [ERROR] Native table 'performance_schema'.'rwlock_instances' has the wrong structure
2017-10-11 10:38:20 4792 [ERROR] Native table 'performance_schema'.'setup_actors' has the wrong structure
2017-10-11 10:38:22 4792 [ERROR] Native table 'performance_schema'.'setup_consumers' has the wrong structure
2017-10-11 10:38:22 4792 [ERROR] Native table 'performance_schema'.'setup_instruments' has the wrong structure
2017-10-11 10:38:22 4792 [ERROR] Native table 'performance_schema'.'setup_objects' has the wrong structure
2017-10-11 10:38:22 4792 [ERROR] Native table 'performance_schema'.'setup_timers' has the wrong structure
2017-10-11 10:38:22 4792 [ERROR] Native table 'performance_schema'.'table_io_waits_summary_by_index_usage' has the wrong structure
2017-10-11 10:38:22 4792 [ERROR] Native table 'performance_schema'.'table_io_waits_summary_by_table' has the wrong structure
2017-10-11 10:38:22 4792 [ERROR] Native table 'performance_schema'.'table_lock_waits_summary_by_table' has the wrong structure
2017-10-11 10:38:22 4792 [ERROR] Native table 'performance_schema'.'threads' has the wrong structure
2017-10-11 10:38:22 4792 [ERROR] Native table 'performance_schema'.'events_stages_current' has the wrong structure
2017-10-11 10:38:22 4792 [ERROR] Native table 'performance_schema'.'events_stages_history' has the wrong structure
2017-10-11 10:38:22 4792 [ERROR] Native table 'performance_schema'.'events_stages_history_long' has the wrong structure
2017-10-11 10:38:22 4792 [ERROR] Native table 'performance_schema'.'events_stages_summary_by_thread_by_event_name' has the wrong structure
2017-10-11 10:38:22 4792 [ERROR] Native table 'performance_schema'.'events_stages_summary_by_account_by_event_name' has the wrong structure
2017-10-11 10:38:22 4792 [ERROR] Native table 'performance_schema'.'events_stages_summary_by_user_by_event_name' has the wrong structure
2017-10-11 10:38:22 4792 [ERROR] Native table 'performance_schema'.'events_stages_summary_by_host_by_event_name' has the wrong structure
2017-10-11 10:38:22 4792 [ERROR] Native table 'performance_schema'.'events_stages_summary_global_by_event_name' has the wrong structure
2017-10-11 10:38:22 4792 [ERROR] Native table 'performance_schema'.'events_statements_current' has the wrong structure
2017-10-11 10:38:22 4792 [ERROR] Native table 'performance_schema'.'events_statements_history' has the wrong structure
2017-10-11 10:38:22 4792 [ERROR] Native table 'performance_schema'.'events_statements_history_long' has the wrong structure
2017-10-11 10:38:22 4792 [ERROR] Native table 'performance_schema'.'events_statements_summary_by_thread_by_event_name' has the wrong structure
2017-10-11 10:38:22 4792 [ERROR] Native table 'performance_schema'.'events_statements_summary_by_account_by_event_name' has the wrong structure
2017-10-11 10:38:22 4792 [ERROR] Native table 'performance_schema'.'events_statements_summary_by_user_by_event_name' has the wrong structure
2017-10-11 10:38:22 4792 [ERROR] Native table 'performance_schema'.'events_statements_summary_by_host_by_event_name' has the wrong structure
2017-10-11 10:38:22 4792 [ERROR] Native table 'performance_schema'.'events_statements_summary_global_by_event_name' has the wrong structure
2017-10-11 10:38:22 4792 [ERROR] Native table 'performance_schema'.'events_statements_summary_by_digest' has the wrong structure
2017-10-11 10:38:22 4792 [ERROR] Native table 'performance_schema'.'users' has the wrong structure
2017-10-11 10:38:22 4792 [ERROR] Native table 'performance_schema'.'accounts' has the wrong structure
2017-10-11 10:38:22 4792 [ERROR] Native table 'performance_schema'.'hosts' has the wrong structure
2017-10-11 10:38:22 4792 [ERROR] Native table 'performance_schema'.'socket_instances' has the wrong structure
2017-10-11 10:38:22 4792 [ERROR] Native table 'performance_schema'.'socket_summary_by_instance' has the wrong structure
2017-10-11 10:38:22 4792 [ERROR] Native table 'performance_schema'.'socket_summary_by_event_name' has the wrong structure
2017-10-11 10:38:22 4792 [ERROR] Native table 'performance_schema'.'session_connect_attrs' has the wrong structure
2017-10-11 10:38:22 4792 [ERROR] Native table 'performance_schema'.'session_account_connect_attrs' has the wrong structure
2017-10-11 10:38:22 4792 [Note] Event Scheduler: Loaded 0 events
2017-10-11 10:38:22 4792 [Note] E:\Server/mysql/bin/mysqld_usbwv8.exe: ready for connections.
Version: '5.6.13'  socket: ''  port: 3307  MySQL Community Server (GPL)
2017-10-11 10:50:03 3780 [Note] Plugin 'FEDERATED' is disabled.
2017-10-11 10:50:03 3780 [Note] InnoDB: The InnoDB memory heap is disabled
2017-10-11 10:50:03 3780 [Note] InnoDB: Mutexes and rw_locks use Windows interlocked functions
2017-10-11 10:50:03 3780 [Note] InnoDB: Compressed tables use zlib 1.2.3
2017-10-11 10:50:03 3780 [Note] InnoDB: Not using CPU crc32 instructions
2017-10-11 10:50:03 3780 [Note] InnoDB: Initializing buffer pool, size = 128.0M
2017-10-11 10:50:03 3780 [Note] InnoDB: Completed initialization of buffer pool
2017-10-11 10:50:04 3780 [Note] InnoDB: Highest supported file format is Barracuda.
2017-10-11 10:50:04 3780 [Note] InnoDB: The log sequence numbers 1626134 and 1626134 in ibdata files do not match the log sequence number 3250415 in the ib_logfiles!
2017-10-11 10:50:04 3780 [Note] InnoDB: Database was not shutdown normally!
2017-10-11 10:50:04 3780 [Note] InnoDB: Starting crash recovery.
2017-10-11 10:50:04 3780 [Note] InnoDB: Reading tablespace information from the .ibd files...
2017-10-11 10:50:05 3780 [Note] InnoDB: Restoring possible half-written data pages 
2017-10-11 10:50:05 3780 [Note] InnoDB: from the doublewrite buffer...
2017-10-11 10:50:08 3780 [Note] InnoDB: 128 rollback segment(s) are active.
2017-10-11 10:50:08 3780 [Note] InnoDB: Waiting for purge to start
2017-10-11 10:50:08 3780 [Note] InnoDB: 5.6.13 started; log sequence number 3250415
2017-10-11 10:50:08 3780 [Note] Server hostname (bind-address): '*'; port: 3307
2017-10-11 10:50:08 3780 [Note] IPv6 is available.
2017-10-11 10:50:08 3780 [Note]   - '::' resolves to '::';
2017-10-11 10:50:08 3780 [Note] Server socket created on IP: '::'.
2017-10-11 10:50:14 3780 [ERROR] Native table 'performance_schema'.'cond_instances' has the wrong structure
2017-10-11 10:50:14 3780 [ERROR] Native table 'performance_schema'.'events_waits_current' has the wrong structure
2017-10-11 10:50:14 3780 [ERROR] Native table 'performance_schema'.'events_waits_history' has the wrong structure
2017-10-11 10:50:14 3780 [ERROR] Native table 'performance_schema'.'events_waits_history_long' has the wrong structure
2017-10-11 10:50:14 3780 [ERROR] Native table 'performance_schema'.'events_waits_summary_by_host_by_event_name' has the wrong structure
2017-10-11 10:50:14 3780 [ERROR] Native table 'performance_schema'.'events_waits_summary_by_instance' has the wrong structure
2017-10-11 10:50:14 3780 [ERROR] Native table 'performance_schema'.'events_waits_summary_by_thread_by_event_name' has the wrong structure
2017-10-11 10:50:14 3780 [ERROR] Native table 'performance_schema'.'events_waits_summary_by_user_by_event_name' has the wrong structure
2017-10-11 10:50:14 3780 [ERROR] Native table 'performance_schema'.'events_waits_summary_by_account_by_event_name' has the wrong structure
2017-10-11 10:50:14 3780 [ERROR] Native table 'performance_schema'.'events_waits_summary_global_by_event_name' has the wrong structure
2017-10-11 10:50:14 3780 [ERROR] Native table 'performance_schema'.'file_instances' has the wrong structure
2017-10-11 10:50:14 3780 [ERROR] Native table 'performance_schema'.'file_summary_by_event_name' has the wrong structure
2017-10-11 10:50:14 3780 [ERROR] Native table 'performance_schema'.'file_summary_by_instance' has the wrong structure
2017-10-11 10:50:14 3780 [ERROR] Native table 'performance_schema'.'host_cache' has the wrong structure
2017-10-11 10:50:14 3780 [ERROR] Native table 'performance_schema'.'mutex_instances' has the wrong structure
2017-10-11 10:50:14 3780 [ERROR] Native table 'performance_schema'.'objects_summary_global_by_type' has the wrong structure
2017-10-11 10:50:14 3780 [ERROR] Native table 'performance_schema'.'performance_timers' has the wrong structure
2017-10-11 10:50:14 3780 [ERROR] Native table 'performance_schema'.'rwlock_instances' has the wrong structure
2017-10-11 10:50:16 3780 [ERROR] Native table 'performance_schema'.'setup_actors' has the wrong structure
2017-10-11 10:50:16 3780 [ERROR] Native table 'performance_schema'.'setup_consumers' has the wrong structure
2017-10-11 10:50:16 3780 [ERROR] Native table 'performance_schema'.'setup_instruments' has the wrong structure
2017-10-11 10:50:16 3780 [ERROR] Native table 'performance_schema'.'setup_objects' has the wrong structure
2017-10-11 10:50:16 3780 [ERROR] Native table 'performance_schema'.'setup_timers' has the wrong structure
2017-10-11 10:50:16 3780 [ERROR] Native table 'performance_schema'.'table_io_waits_summary_by_index_usage' has the wrong structure
2017-10-11 10:50:16 3780 [ERROR] Native table 'performance_schema'.'table_io_waits_summary_by_table' has the wrong structure
2017-10-11 10:50:16 3780 [ERROR] Native table 'performance_schema'.'table_lock_waits_summary_by_table' has the wrong structure
2017-10-11 10:50:16 3780 [ERROR] Native table 'performance_schema'.'threads' has the wrong structure
2017-10-11 10:50:16 3780 [ERROR] Native table 'performance_schema'.'events_stages_current' has the wrong structure
2017-10-11 10:50:16 3780 [ERROR] Native table 'performance_schema'.'events_stages_history' has the wrong structure
2017-10-11 10:50:16 3780 [ERROR] Native table 'performance_schema'.'events_stages_history_long' has the wrong structure
2017-10-11 10:50:16 3780 [ERROR] Native table 'performance_schema'.'events_stages_summary_by_thread_by_event_name' has the wrong structure
2017-10-11 10:50:16 3780 [ERROR] Native table 'performance_schema'.'events_stages_summary_by_account_by_event_name' has the wrong structure
2017-10-11 10:50:16 3780 [ERROR] Native table 'performance_schema'.'events_stages_summary_by_user_by_event_name' has the wrong structure
2017-10-11 10:50:16 3780 [ERROR] Native table 'performance_schema'.'events_stages_summary_by_host_by_event_name' has the wrong structure
2017-10-11 10:50:16 3780 [ERROR] Native table 'performance_schema'.'events_stages_summary_global_by_event_name' has the wrong structure
2017-10-11 10:50:16 3780 [ERROR] Native table 'performance_schema'.'events_statements_current' has the wrong structure
2017-10-11 10:50:16 3780 [ERROR] Native table 'performance_schema'.'events_statements_history' has the wrong structure
2017-10-11 10:50:16 3780 [ERROR] Native table 'performance_schema'.'events_statements_history_long' has the wrong structure
2017-10-11 10:50:16 3780 [ERROR] Native table 'performance_schema'.'events_statements_summary_by_thread_by_event_name' has the wrong structure
2017-10-11 10:50:16 3780 [ERROR] Native table 'performance_schema'.'events_statements_summary_by_account_by_event_name' has the wrong structure
2017-10-11 10:50:16 3780 [ERROR] Native table 'performance_schema'.'events_statements_summary_by_user_by_event_name' has the wrong structure
2017-10-11 10:50:19 3780 [ERROR] Native table 'performance_schema'.'events_statements_summary_by_host_by_event_name' has the wrong structure
2017-10-11 10:50:19 3780 [ERROR] Native table 'performance_schema'.'events_statements_summary_global_by_event_name' has the wrong structure
2017-10-11 10:50:19 3780 [ERROR] Native table 'performance_schema'.'events_statements_summary_by_digest' has the wrong structure
2017-10-11 10:50:19 3780 [ERROR] Native table 'performance_schema'.'users' has the wrong structure
2017-10-11 10:50:19 3780 [ERROR] Native table 'performance_schema'.'accounts' has the wrong structure
2017-10-11 10:50:19 3780 [ERROR] Native table 'performance_schema'.'hosts' has the wrong structure
2017-10-11 10:50:19 3780 [ERROR] Native table 'performance_schema'.'socket_instances' has the wrong structure
2017-10-11 10:50:19 3780 [ERROR] Native table 'performance_schema'.'socket_summary_by_instance' has the wrong structure
2017-10-11 10:50:19 3780 [ERROR] Native table 'performance_schema'.'socket_summary_by_event_name' has the wrong structure
2017-10-11 10:50:19 3780 [ERROR] Native table 'performance_schema'.'session_connect_attrs' has the wrong structure
2017-10-11 10:50:19 3780 [ERROR] Native table 'performance_schema'.'session_account_connect_attrs' has the wrong structure
2017-10-11 10:50:19 3780 [Note] Event Scheduler: Loaded 0 events
2017-10-11 10:50:19 3780 [Note] E:\Server/mysql/bin/mysqld_usbwv8.exe: ready for connections.
Version: '5.6.13'  socket: ''  port: 3307  MySQL Community Server (GPL)
