2017-04-26 10:36:04 620 [Note] Plugin 'FEDERATED' is disabled.
2017-04-26 10:36:08 620 [Note] InnoDB: The InnoDB memory heap is disabled
2017-04-26 10:36:08 620 [Note] InnoDB: Mutexes and rw_locks use Windows interlocked functions
2017-04-26 10:36:08 620 [Note] InnoDB: Compressed tables use zlib 1.2.3
2017-04-26 10:36:11 620 [Note] InnoDB: Not using CPU crc32 instructions
2017-04-26 10:36:11 620 [Note] InnoDB: Initializing buffer pool, size = 128.0M
2017-04-26 10:36:11 620 [Note] InnoDB: Completed initialization of buffer pool
2017-04-26 10:36:14 620 [Note] InnoDB: Highest supported file format is Barracuda.
2017-04-26 10:36:14 620 [Note] InnoDB: The log sequence numbers 1626134 and 1626134 in ibdata files do not match the log sequence number 2194492 in the ib_logfiles!
2017-04-26 10:36:14 620 [Note] InnoDB: Database was not shutdown normally!
2017-04-26 10:36:14 620 [Note] InnoDB: Starting crash recovery.
2017-04-26 10:36:14 620 [Note] InnoDB: Reading tablespace information from the .ibd files...
2017-04-26 10:36:23 620 [Note] InnoDB: Restoring possible half-written data pages 
2017-04-26 10:36:23 620 [Note] InnoDB: from the doublewrite buffer...
2017-04-26 10:36:49 620 [Note] InnoDB: 128 rollback segment(s) are active.
2017-04-26 10:36:50 620 [Note] InnoDB: Waiting for purge to start
2017-04-26 10:36:50 620 [Note] InnoDB: 5.6.13 started; log sequence number 2194492
2017-04-26 10:36:50 620 [Note] Server hostname (bind-address): '*'; port: 3307
2017-04-26 10:36:51 620 [Note] IPv6 is available.
2017-04-26 10:36:51 620 [Note]   - '::' resolves to '::';
2017-04-26 10:36:51 620 [Note] Server socket created on IP: '::'.
2017-04-26 10:37:59 620 [Note] Event Scheduler: Loaded 0 events
2017-04-26 10:37:59 620 [Note] E:\Server/mysql/bin/mysqld_usbwv8.exe: ready for connections.
Version: '5.6.13'  socket: ''  port: 3307  MySQL Community Server (GPL)
